[debug] [2024-05-30T09:33:47.294Z] ----------------------------------------------------------------------
[debug] [2024-05-30T09:33:47.300Z] Command:       C:\Program Files\nodejs\node.exe C:\Users\91917\AppData\Roaming\npm\node_modules\firebase-tools\lib\bin\firebase.js projects:list
[debug] [2024-05-30T09:33:47.301Z] CLI Version:   13.10.2
[debug] [2024-05-30T09:33:47.301Z] Platform:      win32
[debug] [2024-05-30T09:33:47.302Z] Node Version:  v20.8.0
[debug] [2024-05-30T09:33:47.302Z] Time:          Thu May 30 2024 15:03:47 GMT+0530 (India Standard Time)
[debug] [2024-05-30T09:33:47.302Z] ----------------------------------------------------------------------
[debug] 
[debug] [2024-05-30T09:33:47.519Z] > command requires scopes: ["email","openid","https://www.googleapis.com/auth/cloudplatformprojects.readonly","https://www.googleapis.com/auth/firebase","https://www.googleapis.com/auth/cloud-platform"]
[debug] [2024-05-30T09:33:47.521Z] > authorizing via signed-in user (support@shailajaias.com)
[debug] [2024-05-30T09:33:47.539Z] > refreshing access token with scopes: []
[debug] [2024-05-30T09:33:47.544Z] >>> [apiv2][query] POST https://www.googleapis.com/oauth2/v3/token [none]
[debug] [2024-05-30T09:33:47.544Z] >>> [apiv2][body] POST https://www.googleapis.com/oauth2/v3/token [omitted]
[debug] [2024-05-30T09:33:47.894Z] <<< [apiv2][status] POST https://www.googleapis.com/oauth2/v3/token 400
[debug] [2024-05-30T09:33:47.894Z] <<< [apiv2][body] POST https://www.googleapis.com/oauth2/v3/token [omitted]
[debug] [2024-05-30T09:33:47.895Z] Authentication Error: Your credentials are no longer valid. Please run firebase login --reauth

For CI servers and headless environments, generate a new token with firebase login:ci
[debug] [2024-05-30T09:33:48.059Z] FirebaseError: Authentication Error: Your credentials are no longer valid. Please run firebase login --reauth

For CI servers and headless environments, generate a new token with firebase login:ci
    at invalidCredentialError (C:\Users\91917\AppData\Roaming\npm\node_modules\firebase-tools\lib\auth.js:142:12)
    at refreshTokens (C:\Users\91917\AppData\Roaming\npm\node_modules\firebase-tools\lib\auth.js:515:15)
    at process.processTicksAndRejections (node:internal/process/task_queues:95:5)
    at async getAccessToken (C:\Users\91917\AppData\Roaming\npm\node_modules\firebase-tools\lib\apiv2.js:40:18)
    at async Client.addAuthHeader (C:\Users\91917\AppData\Roaming\npm\node_modules\firebase-tools\lib\apiv2.js:167:21)
    at async Client.request (C:\Users\91917\AppData\Roaming\npm\node_modules\firebase-tools\lib\apiv2.js:118:34)
    at async getProjectPage (C:\Users\91917\AppData\Roaming\npm\node_modules\firebase-tools\lib\management\projects.js:238:17)
    at async getFirebaseProjectPage (C:\Users\91917\AppData\Roaming\npm\node_modules\firebase-tools\lib\management\projects.js:255:23)
    at async listFirebaseProjects (C:\Users\91917\AppData\Roaming\npm\node_modules\firebase-tools\lib\management\projects.js:286:29)
    at async Command.actionFn (C:\Users\91917\AppData\Roaming\npm\node_modules\firebase-tools\lib\commands\projects-list.js:51:20)
[error] 
[error] Error: Failed to list Firebase projects. See firebase-debug.log for more info.
